<?xml version="1.0" encoding="UTF-8"?>
<!-- Generated by org.testng.reporters.JUnitReportReporter -->
<testsuite hostname="GSK-QA-065" failures="0" tests="3" name="com.qa.automationtesting.testcases.DateickerTest" time="18.399" errors="0" timestamp="2025-01-27T12:58:07 IST" skipped="0">
  <testcase classname="com.qa.automationtesting.testcases.DateickerTest" name="verifyDatePickerFuture" time="2.740"/>
  <testcase classname="com.qa.automationtesting.testcases.DateickerTest" name="verifyPastDate" time="15.014"/>
  <testcase classname="com.qa.automationtesting.testcases.DateickerTest" name="verifyDatepicker2" time="0.645"/>
</testsuite> <!-- com.qa.automationtesting.testcases.DateickerTest -->
