<?xml version="1.0" encoding="UTF-8"?>
<!-- Generated by org.testng.reporters.JUnitReportReporter -->
<testsuite hostname="LAPTOP-UBQPUFNI" name="com.qa.automationtesting.testcases.DateickerTest" tests="2" failures="0" timestamp="26 Jan 2025 17:07:22 GMT" time="5.154" errors="0">
  <testcase name="verifyDatepicker2" time="1.238" classname="com.qa.automationtesting.testcases.DateickerTest"/>
  <testcase name="verifyDatePickerFuture" time="3.916" classname="com.qa.automationtesting.testcases.DateickerTest"/>
</testsuite> <!-- com.qa.automationtesting.testcases.DateickerTest -->
