<?xml version="1.0" encoding="UTF-8"?>
<!-- Generated by org.testng.reporters.JUnitReportReporter -->
<testsuite hostname="GSK-QA-065" failures="0" tests="1" name="com.qa.automationtesting.testcases.AlterAndWindows" time="10.119" errors="0" timestamp="2025-02-27T12:27:56 IST" skipped="0">
  <testcase classname="com.qa.automationtesting.testcases.AlterAndWindows" name="verifyPrompt" time="10.119"/>
</testsuite> <!-- com.qa.automationtesting.testcases.AlterAndWindows -->
