<?xml version="1.0" encoding="UTF-8"?>
<!-- Generated by org.testng.reporters.JUnitReportReporter -->
<testsuite hostname="GSK-QA-065" failures="0" tests="1" name="com.qa.automationtesting.testcases.VerifyBrokenLinksTest" time="61.898" errors="0" timestamp="2025-01-30T09:25:26 IST" skipped="0">
  <testcase classname="com.qa.automationtesting.testcases.VerifyBrokenLinksTest" name="verifylinksarebroken" time="61.898"/>
</testsuite> <!-- com.qa.automationtesting.testcases.VerifyBrokenLinksTest -->
