<?xml version="1.0" encoding="UTF-8"?>
<!-- Generated by org.testng.reporters.JUnitReportReporter -->
<testsuite hostname="LAPTOP-UBQPUFNI" name="testngpractice.Grouping" tests="1" failures="0" timestamp="23 Mar 2025 04:37:32 GMT" time="0.019" errors="0">
  <testcase name="verifyLogin" time="0.019" classname="testngpractice.Grouping"/>
</testsuite> <!-- testngpractice.Grouping -->
