<?xml version="1.0" encoding="UTF-8"?>
<!-- Generated by org.testng.reporters.JUnitReportReporter -->
<testsuite hostname="GSK-QA-065" failures="0" tests="10" name="wissentestng.Basics" time="0.027" errors="0" timestamp="2025-04-21T15:20:01 IST" skipped="0">
  <testcase classname="wissentestng.Basics" name="homepage" time="0.002"/>
  <testcase classname="wissentestng.Basics" name="homepage" time="0.003"/>
  <testcase classname="wissentestng.Basics" name="homepage" time="0.001"/>
  <testcase classname="wissentestng.Basics" name="homepage" time="0.001"/>
  <testcase classname="wissentestng.Basics" name="homepage" time="0.008"/>
  <testcase classname="wissentestng.Basics" name="homepage" time="0.002"/>
  <testcase classname="wissentestng.Basics" name="homepage" time="0.003"/>
  <testcase classname="wissentestng.Basics" name="homepage" time="0.004"/>
  <testcase classname="wissentestng.Basics" name="homepage" time="0.001"/>
  <testcase classname="wissentestng.Basics" name="homepage" time="0.002"/>
</testsuite> <!-- wissentestng.Basics -->
