<?xml version="1.0" encoding="UTF-8"?>
<!-- Generated by org.testng.reporters.JUnitReportReporter -->
<testsuite hostname="LAPTOP-UBQPUFNI" name="com.qa.automationtesting.testcases.Miscaleniuostest" tests="1" failures="0" timestamp="25 Feb 2025 02:33:47 GMT" time="4.305" errors="0">
  <testcase name="verifyNewTab" time="4.305" classname="com.qa.automationtesting.testcases.Miscaleniuostest"/>
</testsuite> <!-- com.qa.automationtesting.testcases.Miscaleniuostest -->
