<?xml version="1.0" encoding="UTF-8"?>
<!-- Generated by org.testng.reporters.JUnitReportReporter -->
<testsuite hostname="GSK-QA-065" failures="0" tests="1" name="com.qa.automationtesting.testcases.AutosuggestionTest" time="10.036" errors="0" timestamp="2025-01-28T09:12:29 IST" skipped="0">
  <testcase classname="com.qa.automationtesting.testcases.AutosuggestionTest" name="testAutofill" time="10.036"/>
</testsuite> <!-- com.qa.automationtesting.testcases.AutosuggestionTest -->
