<?xml version="1.0" encoding="UTF-8"?>
<!-- Generated by org.testng.reporters.JUnitReportReporter -->
<testsuite hostname="GSK-QA-065" failures="0" tests="2" name="com.qa.automationtesting.testcases.ActionclassTest" time="25.766" errors="0" timestamp="2025-02-03T09:31:48 IST" skipped="0">
  <testcase classname="com.qa.automationtesting.testcases.ActionclassTest" name="lefttorighttest" time="11.051"/>
  <testcase classname="com.qa.automationtesting.testcases.ActionclassTest" name="verifydraganddrop" time="14.715"/>
</testsuite> <!-- com.qa.automationtesting.testcases.ActionclassTest -->
