<?xml version="1.0" encoding="UTF-8"?>
<!-- Generated by org.testng.reporters.JUnitReportReporter -->
<testsuite hostname="LAPTOP-UBQPUFNI" name="com.qa.automationtesting.testcases.AutosuggestionTest" tests="1" failures="0" timestamp="27 Jan 2025 17:52:57 GMT" time="1.070" errors="0">
  <testcase name="testAutofill" time="1.070" classname="com.qa.automationtesting.testcases.AutosuggestionTest"/>
</testsuite> <!-- com.qa.automationtesting.testcases.AutosuggestionTest -->
