<?xml version="1.0" encoding="UTF-8"?>
<!-- Generated by org.testng.reporters.JUnitReportReporter -->
<testsuite hostname="GSK-QA-065" failures="0" tests="3" name="com.qa.automationtesting.testcases.ActionclassTest" time="12.220" errors="0" timestamp="2025-02-04T09:08:21 IST" skipped="0">
  <testcase classname="com.qa.automationtesting.testcases.ActionclassTest" name="lefttorighttest" time="1.422"/>
  <testcase classname="com.qa.automationtesting.testcases.ActionclassTest" name="verifydraganddrop" time="0.305"/>
  <testcase classname="com.qa.automationtesting.testcases.ActionclassTest" name="verifyscrollDropdown" time="10.493"/>
</testsuite> <!-- com.qa.automationtesting.testcases.ActionclassTest -->
