<?xml version="1.0" encoding="UTF-8"?>
<!-- Generated by org.testng.reporters.JUnitReportReporter -->
<testsuite hostname="LAPTOP-UBQPUFNI" name="testngpractice.Groups" tests="6" failures="0" timestamp="23 Mar 2025 05:15:44 GMT" time="0.109" errors="0">
  <testcase name="verifyHomepage" time="0.017" classname="testngpractice.Groups"/>
  <testcase name="verifylogin" time="0.016" classname="testngpractice.Groups"/>
  <testcase name="verifylogin" time="0.047" classname="testngpractice.Groups"/>
  <testcase name="addCartpage" time="0.006" classname="testngpractice.Groups"/>
  <testcase name="addCartpage" time="0.017" classname="testngpractice.Groups"/>
  <testcase name="verifyHomepage" time="0.006" classname="testngpractice.Groups"/>
</testsuite> <!-- testngpractice.Groups -->
