<?xml version="1.0" encoding="UTF-8"?>
<!-- Generated by org.testng.reporters.JUnitReportReporter -->
<testsuite hostname="GSK-QA-065" failures="0" tests="1" name="com.qa.automationtesting.testcases.DynamicwebtableTest" time="18.556" errors="0" timestamp="2025-02-06T08:56:38 IST" skipped="0">
  <testcase classname="com.qa.automationtesting.testcases.DynamicwebtableTest" name="verifypaginamtiontable" time="18.556"/>
</testsuite> <!-- com.qa.automationtesting.testcases.DynamicwebtableTest -->
