<?xml version="1.0" encoding="UTF-8"?>
<!-- Generated by org.testng.reporters.JUnitReportReporter -->
<testsuite hostname="GSK-QA-065" failures="0" tests="1" name="com.qa.automationtesting.testcases.Miscaleniuostest" time="0.142" errors="0" timestamp="2025-02-18T09:26:16 IST" skipped="0">
  <testcase classname="com.qa.automationtesting.testcases.Miscaleniuostest" name="verifySingleFileUpload" time="0.142"/>
</testsuite> <!-- com.qa.automationtesting.testcases.Miscaleniuostest -->
