<?xml version="1.0" encoding="UTF-8"?>
<!-- Generated by org.testng.reporters.JUnitReportReporter -->
<testsuite hostname="LAPTOP-UBQPUFNI" name="com.qa.automationtesting.testcases.DateickerTest" tests="4" failures="0" timestamp="26 Jan 2025 17:49:11 GMT" time="9.820" errors="0">
  <testcase name="verifyDatePickerFuture" time="5.956" classname="com.qa.automationtesting.testcases.DateickerTest"/>
  <testcase name="verifyDatepicker2" time="2.090" classname="com.qa.automationtesting.testcases.DateickerTest"/>
  <testcase name="verifyDatePickerFuture" time="0.619" classname="com.qa.automationtesting.testcases.DateickerTest"/>
  <testcase name="verifyDatepicker2" time="1.155" classname="com.qa.automationtesting.testcases.DateickerTest"/>
</testsuite> <!-- com.qa.automationtesting.testcases.DateickerTest -->
